<?xml version="1.0" encoding="UTF-8"?>
<testng-results skipped="0" failed="0" ignored="0" total="1" passed="1">
  <reporter-output>
  </reporter-output>
  <suite name="Default suite" duration-ms="58728" started-at="2020-08-25T13:08:18Z" finished-at="2020-08-25T13:09:17Z">
    <groups>
    </groups>
    <test name="Default test" duration-ms="58728" started-at="2020-08-25T13:08:18Z" finished-at="2020-08-25T13:09:17Z">
      <class name="com.udemydemo.ecommerceapp.TestCase3">
        <test-method status="PASS" signature="launchApp()[pri:0, instance:com.udemydemo.ecommerceapp.TestCase3@1794d431]" name="launchApp" is-config="true" duration-ms="24386" started-at="2020-08-25T13:08:18Z" finished-at="2020-08-25T13:08:43Z">
          <reporter-output>
          </reporter-output>
        </test-method> <!-- launchApp -->
        <test-method status="PASS" signature="test_SearchProduct()[pri:0, instance:com.udemydemo.ecommerceapp.TestCase3@1794d431]" name="test_SearchProduct" duration-ms="34298" started-at="2020-08-25T13:08:43Z" finished-at="2020-08-25T13:09:17Z">
          <reporter-output>
          </reporter-output>
        </test-method> <!-- test_SearchProduct -->
      </class> <!-- com.udemydemo.ecommerceapp.TestCase3 -->
    </test> <!-- Default test -->
  </suite> <!-- Default suite -->
</testng-results>
